<?xml version="1.0" encoding="UTF-8"?>
<!-- Generated by org.testng.reporters.JUnitXMLReporter -->
<testsuite ignored="1" hostname="DESKTOP-AD1H9CQ" failures="0" tests="8" name="Default test" time="4.619" errors="0" timestamp="2023-01-16T10:22:34 IST">
  <testcase classname="com.TestNG.TestNG_Attributes" name="@BeforeMethod log_In" time="-1.673844754304E9">
    <failure type="org.testng.TestNGException" message="
Parameter &amp;apos;username&amp;apos; is required by BeforeMethod on method log_In but has not been marked @Optional or defined
in C:\Users\Javed\AppData\Local\Temp\testng-eclipse-1717940838\testng-customsuite.xml">
      <![CDATA[org.testng.TestNGException: 
Parameter 'username' is required by BeforeMethod on method log_In but has not been marked @Optional or defined
in C:\Users\Javed\AppData\Local\Temp\testng-eclipse-1717940838\testng-customsuite.xml
at org.testng.internal.Parameters.createParams(Parameters.java:270)
at org.testng.internal.Parameters.createParametersForMethod(Parameters.java:358)
at org.testng.internal.Parameters.createParameters(Parameters.java:700)
at org.testng.internal.Parameters.createConfigurationParameters(Parameters.java:168)
at org.testng.internal.ConfigInvoker.invokeConfigurations(ConfigInvoker.java:302)
at org.testng.internal.TestInvoker.runConfigMethods(TestInvoker.java:700)
at org.testng.internal.TestInvoker.invokeMethod(TestInvoker.java:527)
at org.testng.internal.TestInvoker.invokeTestMethod(TestInvoker.java:173)
at org.testng.internal.MethodRunner.runInSequence(MethodRunner.java:46)
at org.testng.internal.TestInvoker$MethodInvocationAgent.invoke(TestInvoker.java:824)
at org.testng.internal.TestInvoker.invokeTestMethods(TestInvoker.java:146)
at org.testng.internal.TestMethodWorker.invokeTestMethods(TestMethodWorker.java:146)
at org.testng.internal.TestMethodWorker.run(TestMethodWorker.java:128)
at java.base/java.util.ArrayList.forEach(ArrayList.java:1511)
at org.testng.TestRunner.privateRun(TestRunner.java:794)
at org.testng.TestRunner.run(TestRunner.java:596)
at org.testng.SuiteRunner.runTest(SuiteRunner.java:377)
at org.testng.SuiteRunner.runSequentially(SuiteRunner.java:371)
at org.testng.SuiteRunner.privateRun(SuiteRunner.java:332)
at org.testng.SuiteRunner.run(SuiteRunner.java:276)
at org.testng.SuiteRunnerWorker.runSuite(SuiteRunnerWorker.java:53)
at org.testng.SuiteRunnerWorker.run(SuiteRunnerWorker.java:96)
at org.testng.TestNG.runSuitesSequentially(TestNG.java:1212)
at org.testng.TestNG.runSuitesLocally(TestNG.java:1134)
at org.testng.TestNG.runSuites(TestNG.java:1063)
at org.testng.TestNG.run(TestNG.java:1031)
at org.testng.remote.AbstractRemoteTestNG.run(AbstractRemoteTestNG.java:115)
at org.testng.remote.RemoteTestNG.initAndRun(RemoteTestNG.java:251)
at org.testng.remote.RemoteTestNG.main(RemoteTestNG.java:77)
]]>
    </failure>
  </testcase> <!-- @BeforeMethod log_In -->
  <testcase classname="com.TestNG.TestNG_Attributes" name="@AfterMethod log_Out" time="-1.673844754354E9">
    <skipped/>
  </testcase> <!-- @AfterMethod log_Out -->
  <testcase classname="com.TestNG.TestNG_Attributes" name="@BeforeMethod log_In" time="-1.673844754383E9">
    <skipped/>
  </testcase> <!-- @BeforeMethod log_In -->
  <testcase classname="com.TestNG.TestNG_Attributes" name="@AfterMethod log_Out" time="-1.673844754428E9">
    <skipped/>
  </testcase> <!-- @AfterMethod log_Out -->
  <testcase classname="com.TestNG.TestNG_Attributes" name="@BeforeMethod log_In" time="-1.673844754435E9">
    <skipped/>
  </testcase> <!-- @BeforeMethod log_In -->
  <testcase classname="com.TestNG.TestNG_Attributes" name="@AfterMethod log_Out" time="-1.673844754447E9">
    <skipped/>
  </testcase> <!-- @AfterMethod log_Out -->
  <testcase classname="com.TestNG.TestNG_Attributes" name="@BeforeMethod log_In" time="-1.673844754451E9">
    <skipped/>
  </testcase> <!-- @BeforeMethod log_In -->
  <testcase classname="com.TestNG.TestNG_Attributes" name="@AfterMethod log_Out" time="-1.673844754465E9">
    <skipped/>
  </testcase> <!-- @AfterMethod log_Out -->
  <testcase classname="com.TestNG.TestNG_Attributes" name="@BeforeMethod log_In" time="-1.673844754468E9">
    <skipped/>
  </testcase> <!-- @BeforeMethod log_In -->
  <testcase classname="com.TestNG.TestNG_Attributes" name="@AfterMethod log_Out" time="-1.67384475448E9">
    <skipped/>
  </testcase> <!-- @AfterMethod log_Out -->
  <testcase classname="com.TestNG.TestNG_Attributes" name="@BeforeMethod log_In" time="-1.673844754484E9">
    <skipped/>
  </testcase> <!-- @BeforeMethod log_In -->
  <testcase classname="com.TestNG.TestNG_Attributes" name="@AfterMethod log_Out" time="-1.673844754496E9">
    <skipped/>
  </testcase> <!-- @AfterMethod log_Out -->
  <testcase classname="com.TestNG.TestNG_Attributes" name="@BeforeMethod log_In" time="-1.6738447545E9">
    <skipped/>
  </testcase> <!-- @BeforeMethod log_In -->
  <testcase classname="com.TestNG.TestNG_Attributes" name="@AfterMethod log_Out" time="-1.673844754508E9">
    <skipped/>
  </testcase> <!-- @AfterMethod log_Out -->
  <testcase classname="com.TestNG.TestNG_Attributes" name="@BeforeMethod log_In" time="-1.673844754513E9">
    <skipped/>
  </testcase> <!-- @BeforeMethod log_In -->
  <testcase classname="com.TestNG.TestNG_Attributes" name="@AfterMethod log_Out" time="-1.673844754525E9">
    <skipped/>
  </testcase> <!-- @AfterMethod log_Out -->
  <testcase classname="com.TestNG.TestNG_Attributes" name="@AfterClass window_Manage_Mini" time="-1.673844754534E9">
    <skipped/>
  </testcase> <!-- @AfterClass window_Manage_Mini -->
  <testcase classname="com.TestNG.TestNG_Attributes" name="@AfterTest close_Browser" time="-1.673844754536E9">
    <skipped/>
  </testcase> <!-- @AfterTest close_Browser -->
  <testcase classname="com.TestNG.TestNG_Attributes" name="hotel_Hervey_London" time="0.0">
    <skipped/>
  </testcase> <!-- hotel_Hervey_London -->
  <testcase classname="com.TestNG.TestNG_Attributes" name="hotel_Creek" time="0.0">
    <skipped/>
  </testcase> <!-- hotel_Creek -->
  <testcase classname="com.TestNG.TestNG_Attributes" name="brisbane" time="0.0">
    <skipped/>
  </testcase> <!-- brisbane -->
  <testcase classname="com.TestNG.TestNG_Attributes" name="hotel_Cornice" time="0.0">
    <skipped/>
  </testcase> <!-- hotel_Cornice -->
  <testcase classname="com.TestNG.TestNG_Attributes" name="melbourne" time="0.0">
    <skipped/>
  </testcase> <!-- melbourne -->
  <testcase classname="com.TestNG.TestNG_Attributes" name="new_York" time="0.0">
    <skipped/>
  </testcase> <!-- new_York -->
  <testcase classname="com.TestNG.TestNG_Attributes" name="los_Angeles" time="0.0">
    <skipped/>
  </testcase> <!-- los_Angeles -->
  <testcase classname="com.TestNG.TestNG_Attributes" name="paris" time="0.0">
    <skipped/>
  </testcase> <!-- paris -->
  <testcase classname="com.TestNG.TestNG_Attributes" name="hotel_Sunshine" time="0.0">
    <ignored/>
  </testcase> <!-- hotel_Sunshine -->
</testsuite> <!-- Default test -->
