<?xml version="1.0" encoding="UTF-8"?>
<!-- Generated by org.testng.reporters.JUnitXMLReporter -->
<testsuite ignored="1" hostname="DESKTOP-AD1H9CQ" failures="0" tests="8" name="Test" time="56.818" errors="0" timestamp="2023-01-16T10:26:17 IST">
  <testcase classname="com.TestNG.TestNG_Attributes" name="hotel_Hervey_London" time="2.751"/>
  <testcase classname="com.TestNG.TestNG_Attributes" name="hotel_Creek" time="2.381"/>
  <testcase classname="com.TestNG.TestNG_Attributes" name="brisbane" time="2.859"/>
  <testcase classname="com.TestNG.TestNG_Attributes" name="hotel_Cornice" time="2.645"/>
  <testcase classname="com.TestNG.TestNG_Attributes" name="melbourne" time="2.537"/>
  <testcase classname="com.TestNG.TestNG_Attributes" name="new_York" time="2.596"/>
  <testcase classname="com.TestNG.TestNG_Attributes" name="los_Angeles" time="2.535"/>
  <testcase classname="com.TestNG.TestNG_Attributes" name="paris" time="2.652"/>
  <testcase classname="com.TestNG.TestNG_Attributes" name="hotel_Sunshine" time="0.0">
    <ignored/>
  </testcase> <!-- hotel_Sunshine -->
</testsuite> <!-- Test -->
