<?xml version="1.0" encoding="UTF-8"?>
<testng-results ignored="1" total="9" passed="8" failed="0" skipped="0">
  <reporter-output>
  </reporter-output>
  <suite started-at="2023-01-16T10:25:20 IST" name="Suite" finished-at="2023-01-16T10:26:17 IST" duration-ms="56818">
    <groups>
      <group name="Team Black">
        <method signature="TestNG_Attributes.hotel_Cornice()[pri:-1, instance:com.TestNG.TestNG_Attributes@7ec25216]" name="hotel_Cornice" class="com.TestNG.TestNG_Attributes"/>
        <method signature="TestNG_Attributes.los_Angeles()[pri:2, instance:com.TestNG.TestNG_Attributes@7ec25216]" name="los_Angeles" class="com.TestNG.TestNG_Attributes"/>
      </group> <!-- Team Black -->
    </groups>
    <test started-at="2023-01-16T10:25:20 IST" name="Test" finished-at="2023-01-16T10:26:17 IST" duration-ms="56818">
      <class name="com.TestNG.TestNG_Attributes">
        <test-method is-config="true" signature="session_initiated()[pri:0, instance:com.TestNG.TestNG_Attributes@7ec25216]" started-at="2023-01-16T10:25:20 IST" name="session_initiated" finished-at="2023-01-16T10:25:20 IST" duration-ms="19" status="PASS">
          <reporter-output>
          </reporter-output>
        </test-method> <!-- session_initiated -->
        <test-method is-config="true" signature="browser_Launch()[pri:0, instance:com.TestNG.TestNG_Attributes@7ec25216]" started-at="2023-01-16T10:25:20 IST" name="browser_Launch" finished-at="2023-01-16T10:25:24 IST" duration-ms="3996" status="PASS">
          <reporter-output>
          </reporter-output>
        </test-method> <!-- browser_Launch -->
        <test-method is-config="true" signature="window_Manage_Max()[pri:0, instance:com.TestNG.TestNG_Attributes@7ec25216]" started-at="2023-01-16T10:25:24 IST" name="window_Manage_Max" finished-at="2023-01-16T10:25:24 IST" duration-ms="182" status="PASS">
          <reporter-output>
          </reporter-output>
        </test-method> <!-- window_Manage_Max -->
        <test-method is-config="true" signature="log_In(java.lang.String,java.lang.String)[pri:0, instance:com.TestNG.TestNG_Attributes@7ec25216]" started-at="2023-01-16T10:25:24 IST" name="log_In" finished-at="2023-01-16T10:25:26 IST" duration-ms="1942" status="PASS">
          <params>
            <param index="0">
              <value>
                <![CDATA[JavedMo7]]>
              </value>
            </param>
            <param index="1">
              <value>
                <![CDATA[JAVED987654!]]>
              </value>
            </param>
          </params>
          <reporter-output>
          </reporter-output>
        </test-method> <!-- log_In -->
        <test-method signature="hotel_Hervey_London()[pri:-5, instance:com.TestNG.TestNG_Attributes@7ec25216]" started-at="2023-01-16T10:25:26 IST" name="hotel_Hervey_London" finished-at="2023-01-16T10:25:29 IST" duration-ms="2751" status="PASS">
          <reporter-output>
          </reporter-output>
        </test-method> <!-- hotel_Hervey_London -->
        <test-method is-config="true" signature="log_Out()[pri:0, instance:com.TestNG.TestNG_Attributes@7ec25216]" started-at="2023-01-16T10:25:29 IST" name="log_Out" finished-at="2023-01-16T10:25:32 IST" duration-ms="2537" status="PASS">
          <reporter-output>
          </reporter-output>
        </test-method> <!-- log_Out -->
        <test-method is-config="true" signature="log_In(java.lang.String,java.lang.String)[pri:0, instance:com.TestNG.TestNG_Attributes@7ec25216]" started-at="2023-01-16T10:25:32 IST" name="log_In" finished-at="2023-01-16T10:25:33 IST" duration-ms="1424" status="PASS">
          <params>
            <param index="0">
              <value>
                <![CDATA[JavedMo7]]>
              </value>
            </param>
            <param index="1">
              <value>
                <![CDATA[JAVED987654!]]>
              </value>
            </param>
          </params>
          <reporter-output>
          </reporter-output>
        </test-method> <!-- log_In -->
        <test-method signature="hotel_Creek()[pri:-3, instance:com.TestNG.TestNG_Attributes@7ec25216]" started-at="2023-01-16T10:25:33 IST" name="hotel_Creek" finished-at="2023-01-16T10:25:35 IST" duration-ms="2381" status="PASS">
          <reporter-output>
          </reporter-output>
        </test-method> <!-- hotel_Creek -->
        <test-method is-config="true" signature="log_Out()[pri:0, instance:com.TestNG.TestNG_Attributes@7ec25216]" started-at="2023-01-16T10:25:35 IST" name="log_Out" finished-at="2023-01-16T10:25:38 IST" duration-ms="2122" status="PASS">
          <reporter-output>
          </reporter-output>
        </test-method> <!-- log_Out -->
        <test-method is-config="true" signature="log_In(java.lang.String,java.lang.String)[pri:0, instance:com.TestNG.TestNG_Attributes@7ec25216]" started-at="2023-01-16T10:25:38 IST" name="log_In" finished-at="2023-01-16T10:25:39 IST" duration-ms="1805" status="PASS">
          <params>
            <param index="0">
              <value>
                <![CDATA[JavedMo7]]>
              </value>
            </param>
            <param index="1">
              <value>
                <![CDATA[JAVED987654!]]>
              </value>
            </param>
          </params>
          <reporter-output>
          </reporter-output>
        </test-method> <!-- log_In -->
        <test-method signature="brisbane()[pri:-2, instance:com.TestNG.TestNG_Attributes@7ec25216]" started-at="2023-01-16T10:25:39 IST" name="brisbane" finished-at="2023-01-16T10:25:42 IST" duration-ms="2859" status="PASS">
          <reporter-output>
          </reporter-output>
        </test-method> <!-- brisbane -->
        <test-method is-config="true" signature="log_Out()[pri:0, instance:com.TestNG.TestNG_Attributes@7ec25216]" started-at="2023-01-16T10:25:42 IST" name="log_Out" finished-at="2023-01-16T10:25:44 IST" duration-ms="2171" status="PASS">
          <reporter-output>
          </reporter-output>
        </test-method> <!-- log_Out -->
        <test-method is-config="true" signature="log_In(java.lang.String,java.lang.String)[pri:0, instance:com.TestNG.TestNG_Attributes@7ec25216]" started-at="2023-01-16T10:25:44 IST" name="log_In" finished-at="2023-01-16T10:25:46 IST" duration-ms="1515" status="PASS">
          <params>
            <param index="0">
              <value>
                <![CDATA[JavedMo7]]>
              </value>
            </param>
            <param index="1">
              <value>
                <![CDATA[JAVED987654!]]>
              </value>
            </param>
          </params>
          <reporter-output>
          </reporter-output>
        </test-method> <!-- log_In -->
        <test-method signature="hotel_Cornice()[pri:-1, instance:com.TestNG.TestNG_Attributes@7ec25216]" started-at="2023-01-16T10:25:46 IST" name="hotel_Cornice" finished-at="2023-01-16T10:25:49 IST" duration-ms="2645" status="PASS">
          <reporter-output>
          </reporter-output>
        </test-method> <!-- hotel_Cornice -->
        <test-method is-config="true" signature="log_Out()[pri:0, instance:com.TestNG.TestNG_Attributes@7ec25216]" started-at="2023-01-16T10:25:49 IST" name="log_Out" finished-at="2023-01-16T10:25:51 IST" duration-ms="2430" status="PASS">
          <reporter-output>
          </reporter-output>
        </test-method> <!-- log_Out -->
        <test-method is-config="true" signature="log_In(java.lang.String,java.lang.String)[pri:0, instance:com.TestNG.TestNG_Attributes@7ec25216]" started-at="2023-01-16T10:25:51 IST" name="log_In" finished-at="2023-01-16T10:25:53 IST" duration-ms="1529" status="PASS">
          <params>
            <param index="0">
              <value>
                <![CDATA[JavedMo7]]>
              </value>
            </param>
            <param index="1">
              <value>
                <![CDATA[JAVED987654!]]>
              </value>
            </param>
          </params>
          <reporter-output>
          </reporter-output>
        </test-method> <!-- log_In -->
        <test-method signature="melbourne()[pri:-1, instance:com.TestNG.TestNG_Attributes@7ec25216]" started-at="2023-01-16T10:25:53 IST" name="melbourne" finished-at="2023-01-16T10:25:55 IST" duration-ms="2537" status="PASS">
          <reporter-output>
          </reporter-output>
        </test-method> <!-- melbourne -->
        <test-method is-config="true" signature="log_Out()[pri:0, instance:com.TestNG.TestNG_Attributes@7ec25216]" started-at="2023-01-16T10:25:55 IST" name="log_Out" finished-at="2023-01-16T10:25:57 IST" duration-ms="2247" status="PASS">
          <reporter-output>
          </reporter-output>
        </test-method> <!-- log_Out -->
        <test-method is-config="true" signature="log_In(java.lang.String,java.lang.String)[pri:0, instance:com.TestNG.TestNG_Attributes@7ec25216]" started-at="2023-01-16T10:25:57 IST" name="log_In" finished-at="2023-01-16T10:25:59 IST" duration-ms="1547" status="PASS">
          <params>
            <param index="0">
              <value>
                <![CDATA[JavedMo7]]>
              </value>
            </param>
            <param index="1">
              <value>
                <![CDATA[JAVED987654!]]>
              </value>
            </param>
          </params>
          <reporter-output>
          </reporter-output>
        </test-method> <!-- log_In -->
        <test-method signature="new_York()[pri:1, instance:com.TestNG.TestNG_Attributes@7ec25216]" started-at="2023-01-16T10:25:59 IST" name="new_York" finished-at="2023-01-16T10:26:02 IST" duration-ms="2596" status="PASS">
          <reporter-output>
          </reporter-output>
        </test-method> <!-- new_York -->
        <test-method is-config="true" signature="log_Out()[pri:0, instance:com.TestNG.TestNG_Attributes@7ec25216]" started-at="2023-01-16T10:26:02 IST" name="log_Out" finished-at="2023-01-16T10:26:04 IST" duration-ms="2450" status="PASS">
          <reporter-output>
          </reporter-output>
        </test-method> <!-- log_Out -->
        <test-method is-config="true" signature="log_In(java.lang.String,java.lang.String)[pri:0, instance:com.TestNG.TestNG_Attributes@7ec25216]" started-at="2023-01-16T10:26:04 IST" name="log_In" finished-at="2023-01-16T10:26:05 IST" duration-ms="1511" status="PASS">
          <params>
            <param index="0">
              <value>
                <![CDATA[JavedMo7]]>
              </value>
            </param>
            <param index="1">
              <value>
                <![CDATA[JAVED987654!]]>
              </value>
            </param>
          </params>
          <reporter-output>
          </reporter-output>
        </test-method> <!-- log_In -->
        <test-method signature="los_Angeles()[pri:2, instance:com.TestNG.TestNG_Attributes@7ec25216]" started-at="2023-01-16T10:26:05 IST" name="los_Angeles" finished-at="2023-01-16T10:26:08 IST" duration-ms="2535" status="PASS">
          <reporter-output>
          </reporter-output>
        </test-method> <!-- los_Angeles -->
        <test-method is-config="true" signature="log_Out()[pri:0, instance:com.TestNG.TestNG_Attributes@7ec25216]" started-at="2023-01-16T10:26:08 IST" name="log_Out" finished-at="2023-01-16T10:26:10 IST" duration-ms="2247" status="PASS">
          <reporter-output>
          </reporter-output>
        </test-method> <!-- log_Out -->
        <test-method is-config="true" signature="log_In(java.lang.String,java.lang.String)[pri:0, instance:com.TestNG.TestNG_Attributes@7ec25216]" started-at="2023-01-16T10:26:10 IST" name="log_In" finished-at="2023-01-16T10:26:12 IST" duration-ms="1475" status="PASS">
          <params>
            <param index="0">
              <value>
                <![CDATA[JavedMo7]]>
              </value>
            </param>
            <param index="1">
              <value>
                <![CDATA[JAVED987654!]]>
              </value>
            </param>
          </params>
          <reporter-output>
          </reporter-output>
        </test-method> <!-- log_In -->
        <test-method signature="paris()[pri:3, instance:com.TestNG.TestNG_Attributes@7ec25216]" started-at="2023-01-16T10:26:12 IST" name="paris" finished-at="2023-01-16T10:26:14 IST" duration-ms="2652" status="PASS">
          <reporter-output>
          </reporter-output>
        </test-method> <!-- paris -->
        <test-method is-config="true" signature="log_Out()[pri:0, instance:com.TestNG.TestNG_Attributes@7ec25216]" started-at="2023-01-16T10:26:14 IST" name="log_Out" finished-at="2023-01-16T10:26:17 IST" duration-ms="2162" status="PASS">
          <reporter-output>
          </reporter-output>
        </test-method> <!-- log_Out -->
        <test-method is-config="true" signature="window_Manage_Mini()[pri:0, instance:com.TestNG.TestNG_Attributes@7ec25216]" started-at="2023-01-16T10:26:17 IST" name="window_Manage_Mini" finished-at="2023-01-16T10:26:17 IST" duration-ms="13" status="PASS">
          <reporter-output>
          </reporter-output>
        </test-method> <!-- window_Manage_Mini -->
        <test-method is-config="true" signature="close_Browser()[pri:0, instance:com.TestNG.TestNG_Attributes@7ec25216]" started-at="2023-01-16T10:26:17 IST" name="close_Browser" finished-at="2023-01-16T10:26:17 IST" duration-ms="318" status="PASS">
          <reporter-output>
          </reporter-output>
        </test-method> <!-- close_Browser -->
        <test-method is-config="true" signature="session_Ended()[pri:0, instance:com.TestNG.TestNG_Attributes@7ec25216]" started-at="2023-01-16T10:26:17 IST" name="session_Ended" finished-at="2023-01-16T10:26:17 IST" duration-ms="1" status="PASS">
          <reporter-output>
          </reporter-output>
        </test-method> <!-- session_Ended -->
      </class> <!-- com.TestNG.TestNG_Attributes -->
    </test> <!-- Test -->
  </suite> <!-- Suite -->
</testng-results>
